<?xml version="1.0" encoding="UTF-8"?>
<testsuites>
  <testsuite name="exporters" timestamp="2025-07-22T14:55:58Z" hostname="f49f263dc221" tests="24" skipped="0" failures="0" errors="1" time="2.808">
    <testcase time="0.467" classname="exporters" name="exporters_work"/>
    <testcase time="0.015" classname="exporters" name="exporters_work"/>
    <testcase time="0.014" classname="exporters" name="exporters_work"/>
    <testcase time="0.001" classname="exporters" name="exporters_work"/>
    <testcase time="0.296" classname="exporters" name="exporters_work"/>
    <testcase time="0.002" classname="exporters" name="exporters_work"/>
    <testcase time="0.002" classname="exporters" name="exporters_work"/>
    <testcase time="0.002" classname="exporters" name="exporters_work"/>
    <testcase time="0.326" classname="exporters" name="exporters_work"/>
    <testcase time="0.022" classname="exporters" name="mpf_subset_rows_works_when_there_are_newlines_wrapping_in_column_labels"/>
    <testcase time="0.0089999999999999" classname="exporters" name="mpf_subset_rows_works_when_there_are_newlines_wrapping_in_column_labels"/>
    <testcase time="0.273" classname="exporters" name="export_as_txt_maintains_repeated_columns_when_paginate_is_TRUE"/>
    <testcase time="0.00100000000000011" classname="exporters" name="export_as_txt_maintains_repeated_columns_when_paginate_is_TRUE"/>
    <testcase time="0.002" classname="exporters" name="export_as_txt_maintains_repeated_columns_when_paginate_is_TRUE"/>
    <testcase time="0.225" classname="exporters" name="export_as_txt_maintains_horizontal_separator_from_table"/>
    <testcase time="0.275" classname="exporters" name="export_as_txt_works_with_prov_footer_and_page_numbers"/>
    <testcase time="0.00300000000000011" classname="exporters" name="export_as_txt_works_with_prov_footer_and_page_numbers"/>
    <testcase time="0.00300000000000011" classname="exporters" name="export_as_txt_works_with_prov_footer_and_page_numbers"/>
    <testcase time="0.232" classname="exporters" name="export_as_pdf_works"/>
    <testcase time="0.00299999999999967" classname="exporters" name="export_as_pdf_works"/>
    <testcase time="0.0840000000000001" classname="exporters" name="export_as_pdf_works"/>
    <testcase time="0.185" classname="exporters" name="export_as_pdf_works"/>
    <testcase time="0.00199999999999978" classname="exporters" name="export_as_pdf_works"/>
    <testcase time="0.364" classname="exporters" name="exporting_lists_of_tables_and_listings_works">
      <error type="error" message="Error in `apply(self_extent_df, 1, max)`: dim(X) must have a positive length ('test-exporters.R:194:3')">Error in `apply(self_extent_df, 1, max)`: dim(X) must have a positive length
Backtrace:
     ▆
  1. └─formatters::export_as_txt(...) at test-exporters.R:194:3
  2.   ├─formatters::paginate_to_mpfs(...)
  3.   │ ├─base::unlist(...)
  4.   │ └─base::lapply(...)
  5.   │   └─formatters (local) FUN(X[[i]], ...)
  6.   │     └─base::eval(cur_call, envir = parent.frame(3L))
  7.   │       └─base::eval(cur_call, envir = parent.frame(3L))
  8.   └─formatters::paginate_to_mpfs(...)
  9.     └─formatters::paginate_indices(...)
 10.       ├─base::cbind(...)
 11.       │ └─base::cbind(deparse.level, ...)
 12.       │   └─base::data.frame(..., check.names = FALSE)
 13.       └─base::apply(self_extent_df, 1, max)</error>
    </testcase>
  </testsuite>
  <testsuite name="formatters" timestamp="2025-07-22T14:56:01Z" hostname="f49f263dc221" tests="204" skipped="0" failures="0" errors="0" time="1.512">
    <testcase time="0.0499999999999998" classname="formatters" name="Default_horizontal_separator_works"/>
    <testcase time="0.00499999999999989" classname="formatters" name="Default_horizontal_separator_works"/>
    <testcase time="0.00200000000000022" classname="formatters" name="Default_horizontal_separator_works"/>
    <testcase time="0.00099999999999989" classname="formatters" name="Default_horizontal_separator_works"/>
    <testcase time="0.00200000000000022" classname="formatters" name="Default_horizontal_separator_works"/>
    <testcase time="0.00299999999999967" classname="formatters" name="Default_horizontal_separator_works"/>
    <testcase time="0.00900000000000034" classname="formatters" name="Default_horizontal_separator_works"/>
    <testcase time="0.00299999999999967" classname="formatters" name="Default_horizontal_separator_works"/>
    <testcase time="0.00200000000000022" classname="formatters" name="Default_horizontal_separator_works"/>
    <testcase time="0.00099999999999989" classname="formatters" name="Default_horizontal_separator_works"/>
    <testcase time="0.00200000000000022" classname="formatters" name="Default_horizontal_separator_works"/>
    <testcase time="0.00299999999999967" classname="formatters" name="Default_horizontal_separator_works"/>
    <testcase time="0.262" classname="formatters" name="make_row_df_produces_custom_error_message_if_used_on_MatrixPrintForm"/>
    <testcase time="0.00600000000000023" classname="formatters" name="formats_work"/>
    <testcase time="0.00200000000000022" classname="formatters" name="formats_work"/>
    <testcase time="0.00499999999999989" classname="formatters" name="formats_work"/>
    <testcase time="0.00199999999999978" classname="formatters" name="formats_work"/>
    <testcase time="0.00100000000000033" classname="formatters" name="formats_work"/>
    <testcase time="0.00199999999999978" classname="formatters" name="formats_work"/>
    <testcase time="0.00099999999999989" classname="formatters" name="formats_work"/>
    <testcase time="0.00100000000000033" classname="formatters" name="formats_work"/>
    <testcase time="0.00099999999999989" classname="formatters" name="formats_work"/>
    <testcase time="0.00199999999999978" classname="formatters" name="formats_work"/>
    <testcase time="0.00100000000000033" classname="formatters" name="formats_work"/>
    <testcase time="0.004" classname="formatters" name="formats_work"/>
    <testcase time="0.00199999999999978" classname="formatters" name="formats_work"/>
    <testcase time="0.00200000000000022" classname="formatters" name="formats_work"/>
    <testcase time="0.00099999999999989" classname="formatters" name="formats_work"/>
    <testcase time="0.00099999999999989" classname="formatters" name="formats_work"/>
    <testcase time="0.00200000000000022" classname="formatters" name="formats_work"/>
    <testcase time="0.00099999999999989" classname="formatters" name="formats_work"/>
    <testcase time="0.00099999999999989" classname="formatters" name="formats_work"/>
    <testcase time="0.00200000000000022" classname="formatters" name="formats_work"/>
    <testcase time="0.00099999999999989" classname="formatters" name="formats_work"/>
    <testcase time="0.00099999999999989" classname="formatters" name="formats_work"/>
    <testcase time="0.00200000000000022" classname="formatters" name="formats_work"/>
    <testcase time="0.00099999999999989" classname="formatters" name="formats_work"/>
    <testcase time="0.00199999999999978" classname="formatters" name="formats_work"/>
    <testcase time="0.00100000000000033" classname="formatters" name="formats_work"/>
    <testcase time="0.00099999999999989" classname="formatters" name="formats_work"/>
    <testcase time="0.00199999999999978" classname="formatters" name="formats_work"/>
    <testcase time="0.00100000000000033" classname="formatters" name="formats_work"/>
    <testcase time="0.00199999999999978" classname="formatters" name="formats_work"/>
    <testcase time="0.00099999999999989" classname="formatters" name="formats_work"/>
    <testcase time="0.00100000000000033" classname="formatters" name="formats_work"/>
    <testcase time="0.00199999999999978" classname="formatters" name="formats_work"/>
    <testcase time="0.00099999999999989" classname="formatters" name="formats_work"/>
    <testcase time="0.00200000000000022" classname="formatters" name="formats_work"/>
    <testcase time="0.00099999999999989" classname="formatters" name="formats_work"/>
    <testcase time="0.00099999999999989" classname="formatters" name="formats_work"/>
    <testcase time="0.00200000000000022" classname="formatters" name="formats_work"/>
    <testcase time="0.00499999999999989" classname="formatters" name="formats_work"/>
    <testcase time="0.00199999999999978" classname="formatters" name="formats_work"/>
    <testcase time="0.00100000000000033" classname="formatters" name="formats_work"/>
    <testcase time="0.00199999999999978" classname="formatters" name="formats_work"/>
    <testcase time="0.00099999999999989" classname="formatters" name="formats_work"/>
    <testcase time="0.00099999999999989" classname="formatters" name="formats_work"/>
    <testcase time="0.00199999999999978" classname="formatters" name="formats_work"/>
    <testcase time="0.00100000000000033" classname="formatters" name="formats_work"/>
    <testcase time="0.00199999999999978" classname="formatters" name="formats_work"/>
    <testcase time="0.00099999999999989" classname="formatters" name="formats_work"/>
    <testcase time="0.00200000000000022" classname="formatters" name="formats_work"/>
    <testcase time="0.00099999999999989" classname="formatters" name="formats_work"/>
    <testcase time="0.00200000000000022" classname="formatters" name="formats_work"/>
    <testcase time="0.00099999999999989" classname="formatters" name="formats_work"/>
    <testcase time="0.00199999999999978" classname="formatters" name="formats_work"/>
    <testcase time="0.00100000000000033" classname="formatters" name="formats_work"/>
    <testcase time="0.00099999999999989" classname="formatters" name="formats_work"/>
    <testcase time="0.00199999999999978" classname="formatters" name="formats_work"/>
    <testcase time="0.00100000000000033" classname="formatters" name="formats_work"/>
    <testcase time="0.00199999999999978" classname="formatters" name="formats_work"/>
    <testcase time="0.00099999999999989" classname="formatters" name="formats_work"/>
    <testcase time="0.00200000000000022" classname="formatters" name="formats_work"/>
    <testcase time="0.00099999999999989" classname="formatters" name="formats_work"/>
    <testcase time="0.004" classname="formatters" name="formats_work"/>
    <testcase time="0.00300000000000011" classname="formatters" name="formats_work"/>
    <testcase time="0.00099999999999989" classname="formatters" name="formats_work"/>
    <testcase time="0.00200000000000022" classname="formatters" name="formats_work"/>
    <testcase time="0.00199999999999978" classname="formatters" name="formats_work"/>
    <testcase time="0.00099999999999989" classname="formatters" name="formats_work"/>
    <testcase time="0.00200000000000022" classname="formatters" name="formats_work"/>
    <testcase time="0.00199999999999978" classname="formatters" name="formats_work"/>
    <testcase time="0.00100000000000033" classname="formatters" name="formats_work"/>
    <testcase time="0.00499999999999989" classname="formatters" name="formats_work"/>
    <testcase time="0.00499999999999989" classname="formatters" name="formats_work"/>
    <testcase time="0.00499999999999989" classname="formatters" name="formats_work"/>
    <testcase time="0.00300000000000011" classname="formatters" name="formats_work"/>
    <testcase time="0.00200000000000022" classname="formatters" name="formats_work"/>
    <testcase time="0.00099999999999989" classname="formatters" name="formats_work"/>
    <testcase time="0.00499999999999989" classname="formatters" name="formats_work"/>
    <testcase time="0.00200000000000022" classname="formatters" name="formats_work"/>
    <testcase time="0.00199999999999978" classname="formatters" name="formats_work"/>
    <testcase time="0.00099999999999989" classname="formatters" name="formats_work"/>
    <testcase time="0.00200000000000022" classname="formatters" name="formats_work"/>
    <testcase time="0.00099999999999989" classname="formatters" name="formats_work"/>
    <testcase time="0.00200000000000022" classname="formatters" name="formats_work"/>
    <testcase time="0.00099999999999989" classname="formatters" name="formats_work"/>
    <testcase time="0.00099999999999989" classname="formatters" name="formats_work"/>
    <testcase time="0.00200000000000022" classname="formatters" name="formats_work"/>
    <testcase time="0.00099999999999989" classname="formatters" name="formats_work"/>
    <testcase time="0.00200000000000022" classname="formatters" name="formats_work"/>
    <testcase time="0.00499999999999989" classname="formatters" name="sprintf_formats_work"/>
    <testcase time="0.00199999999999978" classname="formatters" name="sprintf_formats_work"/>
    <testcase time="0.00500000000000034" classname="formatters" name="labels_and_miscellany"/>
    <testcase time="0.00199999999999978" classname="formatters" name="labels_and_miscellany"/>
    <testcase time="0.00300000000000011" classname="formatters" name="labels_and_miscellany"/>
    <testcase time="0.00499999999999989" classname="formatters" name="labels_and_miscellany"/>
    <testcase time="0.00199999999999978" classname="formatters" name="labels_and_miscellany"/>
    <testcase time="0.00200000000000022" classname="formatters" name="labels_and_miscellany"/>
    <testcase time="0.00199999999999978" classname="formatters" name="labels_and_miscellany"/>
    <testcase time="0.004" classname="formatters" name="labels_and_miscellany"/>
    <testcase time="0.004" classname="formatters" name="var_labels_works_in_self_assignment_with_named_values"/>
    <testcase time="0.00500000000000034" classname="formatters" name="all_valid_format_labels_can_be_applied_without_error"/>
    <testcase time="0.00599999999999978" classname="formatters" name="all_valid_format_labels_can_be_applied_without_error"/>
    <testcase time="0.004" classname="formatters" name="all_valid_format_labels_can_be_applied_without_error"/>
    <testcase time="0.00200000000000022" classname="formatters" name="all_valid_format_labels_can_be_applied_without_error"/>
    <testcase time="0.004" classname="formatters" name="_unnamed_"/>
    <testcase time="0.00599999999999978" classname="formatters" name="_unnamed_"/>
    <testcase time="0.00300000000000011" classname="formatters" name="_unnamed_"/>
    <testcase time="0.00300000000000011" classname="formatters" name="_unnamed_"/>
    <testcase time="0.004" classname="formatters" name="_unnamed_"/>
    <testcase time="0.004" classname="formatters" name="_unnamed_"/>
    <testcase time="0.00199999999999978" classname="formatters" name="_unnamed_"/>
    <testcase time="0.00099999999999989" classname="formatters" name="_unnamed_"/>
    <testcase time="0.004" classname="formatters" name="_unnamed_"/>
    <testcase time="0.00300000000000011" classname="formatters" name="_unnamed_"/>
    <testcase time="0.00099999999999989" classname="formatters" name="_unnamed_"/>
    <testcase time="0.00200000000000022" classname="formatters" name="_unnamed_"/>
    <testcase time="0.00199999999999978" classname="formatters" name="_unnamed_"/>
    <testcase time="0.00100000000000033" classname="formatters" name="_unnamed_"/>
    <testcase time="0.0839999999999996" classname="formatters" name="_unnamed_"/>
    <testcase time="0.00100000000000033" classname="formatters" name="_unnamed_"/>
    <testcase time="0.00800000000000001" classname="formatters" name="_unnamed_"/>
    <testcase time="0.0179999999999998" classname="formatters" name="_unnamed_"/>
    <testcase time="0.0990000000000002" classname="formatters" name="error_when_widths_are_than_decimal_aligned_values"/>
    <testcase time="0.0409999999999995" classname="formatters" name="padstr_works_with_dec_left"/>
    <testcase time="0.00200000000000067" classname="formatters" name="padstr_works_with_dec_left"/>
    <testcase time="0.0299999999999994" classname="formatters" name="padstr_works_with_dec_right"/>
    <testcase time="0.0270000000000001" classname="formatters" name="padstr_works_with_decimal"/>
    <testcase time="0.032" classname="formatters" name="decimal_alignments_work_when_there_are_numbers_but_no_decimal_places"/>
    <testcase time="0.0110000000000001" classname="formatters" name="decimal_alignments_work_when_there_are_numbers_but_no_decimal_places"/>
    <testcase time="0.016" classname="formatters" name="decimal_alignments_work_when_there_are_numbers_but_no_decimal_places"/>
    <testcase time="0.0350000000000001" classname="formatters" name="behavior_of_decimal_alignments_on_non_numbers"/>
    <testcase time="0.0140000000000002" classname="formatters" name="behavior_of_decimal_alignments_on_non_numbers"/>
    <testcase time="0.0129999999999999" classname="formatters" name="behavior_of_decimal_alignments_on_non_numbers"/>
    <testcase time="0.0179999999999998" classname="formatters" name="behavior_of_decimal_alignments_on_non_numbers"/>
    <testcase time="0.0259999999999998" classname="formatters" name="Decimal_alignment_a_specific_case_with_larger_widths"/>
    <testcase time="0.0110000000000001" classname="formatters" name="Decimal_alignment_a_specific_case_with_larger_widths"/>
    <testcase time="0.0110000000000001" classname="formatters" name="Decimal_alignment_a_specific_case_with_larger_widths"/>
    <testcase time="0.00900000000000034" classname="formatters" name="Decimal_alignment_a_specific_case_with_larger_widths"/>
    <testcase time="0.00999999999999979" classname="formatters" name="Decimal_alignment_a_specific_case_with_larger_widths"/>
    <testcase time="0.0129999999999999" classname="formatters" name="Decimal_alignment_a_specific_case_with_larger_widths"/>
    <testcase time="0.0469999999999997" classname="formatters" name="All_supported_1d_format_cases_of_decimal_alignment"/>
    <testcase time="0.0220000000000002" classname="formatters" name="All_supported_1d_format_cases_of_decimal_alignment"/>
    <testcase time="0.024" classname="formatters" name="decimal_alignment_disallows_scientific_notation"/>
    <testcase time="0.0110000000000001" classname="formatters" name="decimal_alignment_disallows_scientific_notation"/>
    <testcase time="0.00899999999999945" classname="formatters" name="decimal_alignment_disallows_scientific_notation"/>
    <testcase time="0.0740000000000007" classname="formatters" name="All_2d_cases_for_decimal_alignment"/>
    <testcase time="0.00599999999999934" classname="formatters" name="fmt_config_works_as_expected"/>
    <testcase time="0.00200000000000067" classname="formatters" name="fmt_config_works_as_expected"/>
    <testcase time="0.000999999999999446" classname="formatters" name="fmt_config_works_as_expected"/>
    <testcase time="0.00300000000000011" classname="formatters" name="fmt_config_works_as_expected"/>
    <testcase time="0.00100000000000033" classname="formatters" name="fmt_config_works_as_expected"/>
    <testcase time="0.00499999999999989" classname="formatters" name="fmt_config_works_as_expected"/>
    <testcase time="0.00300000000000011" classname="formatters" name="fmt_config_works_as_expected"/>
    <testcase time="0.00300000000000011" classname="formatters" name="fmt_config_works_as_expected"/>
    <testcase time="0.00199999999999978" classname="formatters" name="fmt_config_works_as_expected"/>
    <testcase time="0.00399999999999956" classname="formatters" name="sas_style_rounding_works"/>
    <testcase time="0.00200000000000067" classname="formatters" name="sas_style_rounding_works"/>
    <testcase time="0.00399999999999956" classname="formatters" name="sas_style_rounding_works"/>
    <testcase time="0.00499999999999989" classname="formatters" name="sas_style_rounding_works"/>
    <testcase time="0.00300000000000011" classname="formatters" name="sas_style_rounding_works"/>
    <testcase time="0.00499999999999989" classname="formatters" name="sas_style_rounding_works"/>
    <testcase time="0.00300000000000011" classname="formatters" name="sas_style_rounding_works"/>
    <testcase time="0.00900000000000034" classname="formatters" name="sas_style_rounding_works"/>
    <testcase time="0.00399999999999956" classname="formatters" name="sas_style_rounding_works"/>
    <testcase time="0.00499999999999989" classname="formatters" name="sas_style_rounding_works"/>
    <testcase time="0.00400000000000045" classname="formatters" name="sas_style_rounding_works"/>
    <testcase time="0.00800000000000001" classname="formatters" name="sas_style_rounding_works"/>
    <testcase time="0.00499999999999989" classname="formatters" name="sas_style_rounding_works"/>
    <testcase time="0.00999999999999979" classname="formatters" name="sas_style_rounding_works"/>
    <testcase time="0.00600000000000023" classname="formatters" name="sas_style_rounding_works"/>
    <testcase time="0.00699999999999967" classname="formatters" name="sas_style_rounding_works"/>
    <testcase time="0.00400000000000045" classname="formatters" name="sas_style_rounding_works"/>
    <testcase time="0.00800000000000001" classname="formatters" name="sas_style_rounding_works"/>
    <testcase time="0.00300000000000011" classname="formatters" name="sas_style_rounding_works"/>
    <testcase time="0.00899999999999945" classname="formatters" name="sas_style_rounding_works"/>
    <testcase time="0.00400000000000045" classname="formatters" name="sas_style_rounding_works"/>
    <testcase time="0.00499999999999989" classname="formatters" name="sas_style_rounding_works"/>
    <testcase time="0.00399999999999956" classname="formatters" name="sas_style_rounding_works"/>
    <testcase time="0.00499999999999989" classname="formatters" name="sas_style_rounding_works"/>
    <testcase time="0.00400000000000045" classname="formatters" name="sas_style_rounding_works"/>
    <testcase time="0.00499999999999989" classname="formatters" name="sas_style_rounding_works"/>
    <testcase time="0.00300000000000011" classname="formatters" name="_unnamed_"/>
    <testcase time="0.00499999999999989" classname="formatters" name="_unnamed_"/>
    <testcase time="0.00199999999999978" classname="formatters" name="_unnamed_"/>
    <testcase time="0.00300000000000011" classname="formatters" name="_unnamed_"/>
    <testcase time="0.00300000000000011" classname="formatters" name="_unnamed_"/>
    <testcase time="0.00499999999999989" classname="formatters" name="_unnamed_"/>
    <testcase time="0.00400000000000045" classname="formatters" name="_unnamed_"/>
    <testcase time="0.00300000000000011" classname="formatters" name="na_str_works_when_having_multiple_NAs_and_multiple_values_to_be_changed"/>
    <testcase time="0.00199999999999978" classname="formatters" name="na_str_works_when_having_multiple_NAs_and_multiple_values_to_be_changed"/>
    <testcase time="0.00199999999999978" classname="formatters" name="na_str_works_when_having_multiple_NAs_and_multiple_values_to_be_changed"/>
    <testcase time="0.00199999999999978" classname="formatters" name="na_str_works_when_having_multiple_NAs_and_multiple_values_to_be_changed"/>
  </testsuite>
  <testsuite name="listings" timestamp="2025-07-22T14:56:02Z" hostname="f49f263dc221" tests="20" skipped="0" failures="0" errors="1" time="0.478">
    <testcase time="0.27" classname="listings" name="basic_listing_mf_respect_core_modifications_from_table_matrix_form"/>
    <testcase time="0.000999999999999446" classname="listings" name="basic_listing_mf_respect_core_modifications_from_table_matrix_form"/>
    <testcase time="0.00200000000000067" classname="listings" name="basic_listing_mf_respect_core_modifications_from_table_matrix_form"/>
    <testcase time="0.000999999999999446" classname="listings" name="basic_listing_mf_respect_core_modifications_from_table_matrix_form"/>
    <testcase time="0.00100000000000033" classname="listings" name="basic_listing_mf_respect_core_modifications_from_table_matrix_form"/>
    <testcase time="0.00300000000000011" classname="listings" name="basic_listing_mf_respect_core_modifications_from_table_matrix_form"/>
    <testcase time="0.00199999999999978" classname="listings" name="basic_listing_mf_respect_core_modifications_from_table_matrix_form"/>
    <testcase time="0.00300000000000011" classname="listings" name="basic_listing_mf_respect_core_modifications_from_table_matrix_form"/>
    <testcase time="0.00300000000000011" classname="listings" name="basic_listing_mf_respect_core_modifications_from_table_matrix_form"/>
    <testcase time="0.00199999999999978" classname="listings" name="basic_listing_mf_respect_core_modifications_from_table_matrix_form"/>
    <testcase time="0.00300000000000011" classname="listings" name="basic_listing_mf_respect_core_modifications_from_table_matrix_form"/>
    <testcase time="0.00300000000000011" classname="listings" name="basic_listing_mf_respect_core_modifications_from_table_matrix_form"/>
    <testcase time="0.000999999999999446" classname="listings" name="basic_listing_mf_respect_core_modifications_from_table_matrix_form"/>
    <testcase time="0.0209999999999999" classname="listings" name="basic_listing_mf_respect_core_modifications_from_table_matrix_form"/>
    <testcase time="0.00500000000000078" classname="listings" name="basic_listing_mf_respect_core_modifications_from_table_matrix_form"/>
    <testcase time="0.0369999999999999" classname="listings" name="regression_test_for_oneline_listing_pagination"/>
    <testcase time="0.0219999999999994" classname="listings" name="regression_test_for_oneline_listing_pagination"/>
    <testcase time="0.0310000000000006" classname="listings" name="listings_are_correctly_paginated_when_a_wrapping_happens_on_non_dominant_keycol"/>
    <testcase time="0.0279999999999996" classname="listings" name="listings_are_correctly_paginated_when_a_wrapping_happens_on_non_dominant_keycol"/>
    <testcase time="0.0390000000000006" classname="listings" name="listings_are_correctly_paginated_when_a_wrapping_happens_on_non_dominant_keycol">
      <error type="error" message="Error in `apply(self_extent_df, 1, max)`: dim(X) must have a positive length ('test-listings.R:99:3')">Error in `apply(self_extent_df, 1, max)`: dim(X) must have a positive length
Backtrace:
     ▆
  1. ├─testthat::expect_silent(...) at test-listings.R:99:3
  2. │ └─testthat:::quasi_capture(enquo(object), NULL, evaluate_promise)
  3. │   ├─testthat (local) .capture(...)
  4. │   │ ├─withr::with_output_sink(...)
  5. │   │ │ └─base::force(code)
  6. │   │ ├─base::withCallingHandlers(...)
  7. │   │ └─base::withVisible(code)
  8. │   └─rlang::eval_bare(quo_get_expr(.quo), quo_get_env(.quo))
  9. └─formatters::paginate_to_mpfs(...)
 10.   └─formatters::paginate_indices(...)
 11.     ├─base::cbind(...)
 12.     │ └─base::cbind(deparse.level, ...)
 13.     │   └─base::data.frame(..., check.names = FALSE)
 14.     └─base::apply(self_extent_df, 1, max)</error>
    </testcase>
  </testsuite>
  <testsuite name="matrix_form" timestamp="2025-07-22T14:56:03Z" hostname="f49f263dc221" tests="9" skipped="0" failures="0" errors="0" time="0.089">
    <testcase time="0.0779999999999994" classname="matrix_form" name="matrix_form_works_with_and_without_indentation"/>
    <testcase time="0.00100000000000033" classname="matrix_form" name="matrix_form_works_with_and_without_indentation"/>
    <testcase time="0.000999999999999446" classname="matrix_form" name="matrix_form_works_with_and_without_indentation"/>
    <testcase time="0.00200000000000067" classname="matrix_form" name="matrix_form_works_with_and_without_indentation"/>
    <testcase time="0.000999999999999446" classname="matrix_form" name="matrix_form_works_with_and_without_indentation"/>
    <testcase time="0.00200000000000067" classname="matrix_form" name="matrix_form_works_with_and_without_indentation"/>
    <testcase time="0.00199999999999978" classname="matrix_form" name="matrix_form_works_with_and_without_indentation"/>
    <testcase time="0.000999999999999446" classname="matrix_form" name="matrix_form_works_with_and_without_indentation"/>
    <testcase time="0.00100000000000033" classname="matrix_form" name="matrix_form_works_with_and_without_indentation"/>
  </testsuite>
  <testsuite name="pagination" timestamp="2025-07-22T14:56:03Z" hostname="f49f263dc221" tests="67" skipped="0" failures="0" errors="2" time="5.422">
    <testcase time="0.0810000000000004" classname="pagination" name="pagination_works"/>
    <testcase time="0.000999999999999446" classname="pagination" name="pagination_works"/>
    <testcase time="0.00800000000000001" classname="pagination" name="pagination_works"/>
    <testcase time="0.0330000000000004" classname="pagination" name="pagination_works"/>
    <testcase time="0.127" classname="pagination" name="pagination_works"/>
    <testcase time="0.00499999999999989" classname="pagination" name="pagination_works"/>
    <testcase time="0.0140000000000002" classname="pagination" name="pagination_works"/>
    <testcase time="0.109" classname="pagination" name="pagination_works"/>
    <testcase time="0.0119999999999996" classname="pagination" name="pagination_works"/>
    <testcase time="0.0540000000000003" classname="pagination" name="pagination_works"/>
    <testcase time="0.0520000000000005" classname="pagination" name="pagination_works"/>
    <testcase time="0.114999999999999" classname="pagination" name="pagination_works"/>
    <testcase time="0.275" classname="pagination" name="pagination_works"/>
    <testcase time="0.253" classname="pagination" name="pagination_works"/>
    <testcase time="0.293" classname="pagination" name="pagination_works"/>
    <testcase time="0.0739999999999998" classname="pagination" name="pagination_works"/>
    <testcase time="0.00199999999999978" classname="pagination" name="pagination_works"/>
    <testcase time="0.00100000000000033" classname="pagination" name="pagination_works"/>
    <testcase time="0.000999999999999446" classname="pagination" name="pagination_works"/>
    <testcase time="0.0260000000000007" classname="pagination" name="pagination_works"/>
    <testcase time="0.00599999999999934" classname="pagination" name="pagination_works"/>
    <testcase time="0.00200000000000067" classname="pagination" name="pagination_works"/>
    <testcase time="0.00399999999999956" classname="pagination" name="pagination_works"/>
    <testcase time="0.00600000000000023" classname="pagination" name="pagination_works"/>
    <testcase time="0.00499999999999989" classname="pagination" name="pagination_works"/>
    <testcase time="0.00199999999999978" classname="pagination" name="pagination_works"/>
    <testcase time="0.00100000000000033" classname="pagination" name="pagination_works"/>
    <testcase time="0.000999999999999446" classname="pagination" name="pagination_works"/>
    <testcase time="0.00100000000000033" classname="pagination" name="pagination_works"/>
    <testcase time="0.00199999999999978" classname="pagination" name="pagination_works"/>
    <testcase time="0.00100000000000033" classname="pagination" name="pagination_works"/>
    <testcase time="0.00100000000000033" classname="pagination" name="pagination_works"/>
    <testcase time="0.165999999999999" classname="pagination" name="pagination_works"/>
    <testcase time="0.0640000000000001" classname="pagination" name="pagination_works"/>
    <testcase time="0.392" classname="pagination" name="pagination_works"/>
    <testcase time="0.000999999999999446" classname="pagination" name="pagination_works"/>
    <testcase time="0.00300000000000011" classname="pagination" name="pagination_works"/>
    <testcase time="0.00300000000000011" classname="pagination" name="pagination_works"/>
    <testcase time="0.00300000000000011" classname="pagination" name="pagination_works"/>
    <testcase time="0.135" classname="pagination" name="pagination_works"/>
    <testcase time="0.00100000000000033" classname="pagination" name="pagination_works"/>
    <testcase time="0.0249999999999995" classname="pagination" name="pagination_works"/>
    <testcase time="0.214" classname="pagination" name="pagination_works"/>
    <testcase time="0.162999999999999" classname="pagination" name="pagination_works"/>
    <testcase time="0.278" classname="pagination" name="pagination_works"/>
    <testcase time="0.103" classname="pagination" name="pagination_works"/>
    <testcase time="0.00500000000000078" classname="pagination" name="page_to_lcpp_stuff_works"/>
    <testcase time="0.00399999999999956" classname="pagination" name="page_to_lcpp_stuff_works"/>
    <testcase time="0.0109999999999992" classname="pagination" name="non_monospaced_fonts_are_caught"/>
    <testcase time="0.107000000000001" classname="pagination" name="spans_and_string_matrix_match_after_pagination_when_table_has_single_column"/>
    <testcase time="0.218999999999999" classname="pagination" name="pag_num_works_in_paginate_to_mpfs_and_export_as_txt"/>
    <testcase time="0.308" classname="pagination" name="pag_num_works_in_paginate_to_mpfs_and_export_as_txt"/>
    <testcase time="0.00300000000000011" classname="pagination" name="pag_num_works_in_paginate_to_mpfs_and_export_as_txt"/>
    <testcase time="0.00100000000000122" classname="pagination" name="pag_num_works_in_paginate_to_mpfs_and_export_as_txt"/>
    <testcase time="0.00199999999999889" classname="pagination" name="pag_num_works_in_paginate_to_mpfs_and_export_as_txt"/>
    <testcase time="0.450000000000001" classname="pagination" name="pag_num_works_in_paginate_to_mpfs_and_export_as_txt"/>
    <testcase time="0.328999999999999" classname="pagination" name="pag_num_works_in_paginate_to_mpfs_and_export_as_txt"/>
    <testcase time="0.158000000000001" classname="pagination" name="colwidths_and_num_rep_cols_work_when_using_lists_of_tables_and_listings"/>
    <testcase time="0.000999999999999446" classname="pagination" name="colwidths_and_num_rep_cols_work_when_using_lists_of_tables_and_listings"/>
    <testcase time="0.158999999999999" classname="pagination" name="colwidths_and_num_rep_cols_work_when_using_lists_of_tables_and_listings">
      <error type="error" message="Error in `apply(self_extent_df, 1, max)`: dim(X) must have a positive length ('test-pagination.R:411:3')">Error in `apply(self_extent_df, 1, max)`: dim(X) must have a positive length
Backtrace:
     ▆
  1. └─formatters::export_as_txt(...) at test-pagination.R:411:3
  2.   ├─formatters::paginate_to_mpfs(...)
  3.   │ ├─base::unlist(...)
  4.   │ └─base::lapply(...)
  5.   │   └─formatters (local) FUN(X[[i]], ...)
  6.   │     └─base::eval(cur_call, envir = parent.frame(3L))
  7.   │       └─base::eval(cur_call, envir = parent.frame(3L))
  8.   └─formatters::paginate_to_mpfs(...)
  9.     └─formatters::paginate_indices(...)
 10.       ├─base::cbind(...)
 11.       │ └─base::cbind(deparse.level, ...)
 12.       │   └─base::data.frame(..., check.names = FALSE)
 13.       └─base::apply(self_extent_df, 1, max)</error>
    </testcase>
    <testcase time="0.182" classname="pagination" name="rep_cols_works_as_intended_for_listings_and_tables"/>
    <testcase time="0.00100000000000122" classname="pagination" name="rep_cols_works_as_intended_for_listings_and_tables"/>
    <testcase time="0.188999999999998" classname="pagination" name="rep_cols_works_as_intended_for_listings_and_tables"/>
    <testcase time="0.00300000000000011" classname="pagination" name="rep_cols_works_as_intended_for_listings_and_tables"/>
    <testcase time="0.0460000000000012" classname="pagination" name="rep_cols_works_as_intended_for_listings_and_tables">
      <error type="error" message="Error in `apply(self_extent_df, 1, max)`: dim(X) must have a positive length ('test-pagination.R:440:5')">Error in `apply(self_extent_df, 1, max)`: dim(X) must have a positive length
Backtrace:
     ▆
  1. ├─formatters (local) strsplit_unlist(export_as_txt(blmf, cpp = 70)) at test-pagination.R:447:3
  2. │ ├─base::unlist(strsplit(x, "\n")) at test-pagination.R:440:5
  3. │ └─base::strsplit(x, "\n")
  4. └─formatters::export_as_txt(blmf, cpp = 70)
  5.   └─formatters::paginate_to_mpfs(...)
  6.     └─formatters::paginate_indices(...)
  7.       ├─base::cbind(...)
  8.       │ └─base::cbind(deparse.level, ...)
  9.       │   └─base::data.frame(..., check.names = FALSE)
 10.       └─base::apply(self_extent_df, 1, max)</error>
    </testcase>
    <testcase time="0.123999999999999" classname="pagination" name="pagination_works_with_listings_and_newlines"/>
    <testcase time="0.000999999999999446" classname="pagination" name="pagination_works_with_listings_and_newlines"/>
  </testsuite>
  <testsuite name="print" timestamp="2025-07-22T14:56:08Z" hostname="f49f263dc221" tests="4" skipped="0" failures="0" errors="0" time="0.107">
    <testcase time="0.0749999999999993" classname="print" name="toString_works_with_and_without_indentation"/>
    <testcase time="0.00700000000000145" classname="print" name="toString_works_with_and_without_indentation"/>
    <testcase time="0.00799999999999912" classname="print" name="toString_works_with_and_without_indentation"/>
    <testcase time="0.0169999999999995" classname="print" name="toString_works_with_and_without_indentation"/>
  </testsuite>
  <testsuite name="ref_fnotes" timestamp="2025-07-22T14:56:08Z" hostname="f49f263dc221" tests="3" skipped="0" failures="0" errors="0" time="0.009">
    <testcase time="0.00600000000000023" classname="ref_fnotes" name="reorder_ref_fnotes_orders_referential_footnotes_correctly"/>
    <testcase time="0.00100000000000122" classname="ref_fnotes" name="reorder_ref_fnotes_orders_referential_footnotes_correctly"/>
    <testcase time="0.00199999999999889" classname="ref_fnotes" name="reorder_ref_fnotes_orders_referential_footnotes_correctly"/>
  </testsuite>
  <testsuite name="table_inset and titles and footers word wrapping" timestamp="2025-07-22T14:56:08Z" hostname="f49f263dc221" tests="64" skipped="0" failures="0" errors="0" time="1.149">
    <testcase time="0.0220000000000002" classname="table_inset_and_titles_and_footers_word_wrapping" name="tf_wrap_and_table_inset_work_including_together_"/>
    <testcase time="0.0080000000000009" classname="table_inset_and_titles_and_footers_word_wrapping" name="tf_wrap_and_table_inset_work_including_together_"/>
    <testcase time="0.00899999999999856" classname="table_inset_and_titles_and_footers_word_wrapping" name="tf_wrap_and_table_inset_work_including_together_"/>
    <testcase time="0.00200000000000067" classname="table_inset_and_titles_and_footers_word_wrapping" name="tf_wrap_and_table_inset_work_including_together_"/>
    <testcase time="0.374000000000001" classname="table_inset_and_titles_and_footers_word_wrapping" name="toString_is_silent_when_newline_is_in_decorations_footnotes_titles_as_matrix_form_constructor_expands_all_newlines"/>
    <testcase time="0.135" classname="table_inset_and_titles_and_footers_word_wrapping" name="toString_is_silent_when_newline_is_in_decorations_footnotes_titles_as_matrix_form_constructor_expands_all_newlines"/>
    <testcase time="0.0310000000000006" classname="table_inset_and_titles_and_footers_word_wrapping" name="wrapping_works_with_words_that_are_too_big_no_warning_"/>
    <testcase time="0.0249999999999986" classname="table_inset_and_titles_and_footers_word_wrapping" name="auto_wrapping_works_with_inset_and_col_gap"/>
    <testcase time="0.00300000000000011" classname="table_inset_and_titles_and_footers_word_wrapping" name="regression_tests_for_rtables_empty_title_underlying_issue"/>
    <testcase time="0.00200000000000067" classname="table_inset_and_titles_and_footers_word_wrapping" name="regression_tests_for_rtables_empty_title_underlying_issue"/>
    <testcase time="0.020999999999999" classname="table_inset_and_titles_and_footers_word_wrapping" name="row_label_wrapping_has_identical_indentation"/>
    <testcase time="0.00700000000000145" classname="table_inset_and_titles_and_footers_word_wrapping" name="row_label_wrapping_has_identical_indentation"/>
    <testcase time="0.0350000000000001" classname="table_inset_and_titles_and_footers_word_wrapping" name="wrap_strings_work"/>
    <testcase time="0.0429999999999993" classname="table_inset_and_titles_and_footers_word_wrapping" name="wrap_strings_work"/>
    <testcase time="0.0359999999999996" classname="table_inset_and_titles_and_footers_word_wrapping" name="wrap_strings_work"/>
    <testcase time="0.011000000000001" classname="table_inset_and_titles_and_footers_word_wrapping" name="wrap_strings_work"/>
    <testcase time="0.00999999999999979" classname="table_inset_and_titles_and_footers_word_wrapping" name="wrap_strings_work"/>
    <testcase time="0.0489999999999995" classname="table_inset_and_titles_and_footers_word_wrapping" name="wrap_strings_work"/>
    <testcase time="0.0210000000000008" classname="table_inset_and_titles_and_footers_word_wrapping" name="wrap_strings_work"/>
    <testcase time="0.0239999999999991" classname="table_inset_and_titles_and_footers_word_wrapping" name="wrap_strings_work"/>
    <testcase time="0.0229999999999997" classname="table_inset_and_titles_and_footers_word_wrapping" name="toString_wrapping_avoid_trimming_whitespaces"/>
    <testcase time="0.00999999999999979" classname="table_inset_and_titles_and_footers_word_wrapping" name="toString_wrapping_avoid_trimming_whitespaces"/>
    <testcase time="0.0150000000000006" classname="table_inset_and_titles_and_footers_word_wrapping" name="toString_wrapping_avoid_trimming_whitespaces"/>
    <testcase time="0.0340000000000007" classname="table_inset_and_titles_and_footers_word_wrapping" name="toString_and_wrapping_cooperates_well_with_separator_divisors"/>
    <testcase time="0.00399999999999956" classname="table_inset_and_titles_and_footers_word_wrapping" name="max_width_is_handled_correctly_as_expected"/>
    <testcase time="0.00200000000000067" classname="table_inset_and_titles_and_footers_word_wrapping" name="max_width_is_handled_correctly_as_expected"/>
    <testcase time="0.00399999999999956" classname="table_inset_and_titles_and_footers_word_wrapping" name="max_width_is_handled_correctly_as_expected"/>
    <testcase time="0.000999999999999446" classname="table_inset_and_titles_and_footers_word_wrapping" name="max_width_is_handled_correctly_as_expected"/>
    <testcase time="0.000999999999999446" classname="table_inset_and_titles_and_footers_word_wrapping" name="max_width_is_handled_correctly_as_expected"/>
    <testcase time="0.00100000000000122" classname="table_inset_and_titles_and_footers_word_wrapping" name="max_width_is_handled_correctly_as_expected"/>
    <testcase time="0.00499999999999901" classname="table_inset_and_titles_and_footers_word_wrapping" name="max_width_is_handled_correctly_as_expected"/>
    <testcase time="0.00500000000000078" classname="table_inset_and_titles_and_footers_word_wrapping" name="max_width_is_handled_correctly_as_expected"/>
    <testcase time="0.000999999999999446" classname="table_inset_and_titles_and_footers_word_wrapping" name="max_width_is_handled_correctly_as_expected"/>
    <testcase time="0.00600000000000023" classname="table_inset_and_titles_and_footers_word_wrapping" name="wrapping_works_with_truetype_font"/>
    <testcase time="0.00399999999999956" classname="table_inset_and_titles_and_footers_word_wrapping" name="wrapping_works_with_truetype_font"/>
    <testcase time="0.00300000000000011" classname="table_inset_and_titles_and_footers_word_wrapping" name="wrapping_works_with_truetype_font"/>
    <testcase time="0.00200000000000067" classname="table_inset_and_titles_and_footers_word_wrapping" name="wrapping_works_with_truetype_font"/>
    <testcase time="0.00199999999999889" classname="table_inset_and_titles_and_footers_word_wrapping" name="wrapping_works_with_truetype_font"/>
    <testcase time="0.00300000000000011" classname="table_inset_and_titles_and_footers_word_wrapping" name="wrapping_works_with_truetype_font"/>
    <testcase time="0.00500000000000078" classname="table_inset_and_titles_and_footers_word_wrapping" name="misc_font_device_related_test_coverage"/>
    <testcase time="0.00200000000000067" classname="table_inset_and_titles_and_footers_word_wrapping" name="misc_font_device_related_test_coverage"/>
    <testcase time="0.00300000000000011" classname="table_inset_and_titles_and_footers_word_wrapping" name="misc_font_device_related_test_coverage"/>
    <testcase time="0.00499999999999901" classname="table_inset_and_titles_and_footers_word_wrapping" name="misc_font_device_related_test_coverage"/>
    <testcase time="0.00399999999999956" classname="table_inset_and_titles_and_footers_word_wrapping" name="misc_font_device_related_test_coverage"/>
    <testcase time="0.00500000000000078" classname="table_inset_and_titles_and_footers_word_wrapping" name="misc_font_device_related_test_coverage"/>
    <testcase time="0.00200000000000067" classname="table_inset_and_titles_and_footers_word_wrapping" name="misc_font_device_related_test_coverage"/>
    <testcase time="0.00499999999999901" classname="table_inset_and_titles_and_footers_word_wrapping" name="misc_font_device_related_test_coverage"/>
    <testcase time="0.000999999999999446" classname="table_inset_and_titles_and_footers_word_wrapping" name="misc_font_device_related_test_coverage"/>
    <testcase time="0.00500000000000078" classname="table_inset_and_titles_and_footers_word_wrapping" name="misc_font_device_related_test_coverage"/>
    <testcase time="0.00399999999999956" classname="table_inset_and_titles_and_footers_word_wrapping" name="misc_font_device_related_test_coverage"/>
    <testcase time="0.00300000000000011" classname="table_inset_and_titles_and_footers_word_wrapping" name="misc_font_device_related_test_coverage"/>
    <testcase time="0.00300000000000011" classname="table_inset_and_titles_and_footers_word_wrapping" name="misc_font_device_related_test_coverage"/>
    <testcase time="0.00500000000000078" classname="table_inset_and_titles_and_footers_word_wrapping" name="misc_font_device_related_test_coverage"/>
    <testcase time="0.000999999999999446" classname="table_inset_and_titles_and_footers_word_wrapping" name="misc_font_device_related_test_coverage"/>
    <testcase time="0.00500000000000078" classname="table_inset_and_titles_and_footers_word_wrapping" name="misc_font_device_related_test_coverage"/>
    <testcase time="0.00399999999999956" classname="table_inset_and_titles_and_footers_word_wrapping" name="misc_font_device_related_test_coverage"/>
    <testcase time="0.00399999999999956" classname="table_inset_and_titles_and_footers_word_wrapping" name="misc_font_device_related_test_coverage"/>
    <testcase time="0.0250000000000004" classname="table_inset_and_titles_and_footers_word_wrapping" name="matrix_form_is_prepared_correctly_for_printing_when_there_is_topleft_information_and_new_lines"/>
    <testcase time="0.000999999999999446" classname="table_inset_and_titles_and_footers_word_wrapping" name="matrix_form_is_prepared_correctly_for_printing_when_there_is_topleft_information_and_new_lines"/>
    <testcase time="0.0229999999999997" classname="table_inset_and_titles_and_footers_word_wrapping" name="matrix_form_is_prepared_correctly_for_printing_when_there_is_topleft_information_and_new_lines"/>
    <testcase time="0.011000000000001" classname="table_inset_and_titles_and_footers_word_wrapping" name="matrix_form_is_prepared_correctly_for_printing_when_there_is_topleft_information_and_new_lines"/>
    <testcase time="0.00199999999999889" classname="table_inset_and_titles_and_footers_word_wrapping" name="matrix_form_is_prepared_correctly_for_printing_when_there_is_topleft_information_and_new_lines"/>
    <testcase time="0.0250000000000004" classname="table_inset_and_titles_and_footers_word_wrapping" name="topleft_information_works_also_when_it_takes_more_space_than_header"/>
    <testcase time="0.00200000000000067" classname="table_inset_and_titles_and_footers_word_wrapping" name="topleft_information_works_also_when_it_takes_more_space_than_header"/>
  </testsuite>
</testsuites>
